<?xml version="1.0" encoding="UTF-8"?>
<testng-results ignored="0" total="1" passed="1" failed="0" skipped="0">
  <reporter-output>
  </reporter-output>
  <suite started-at="2026-03-14T23:58:28 IST" name="Default suite" finished-at="2026-03-14T23:58:45 IST" duration-ms="16587">
    <groups>
    </groups>
    <test started-at="2026-03-14T23:58:28 IST" name="Default test" finished-at="2026-03-14T23:58:45 IST" duration-ms="16587">
      <class name="com.vts.Testcases.Testcases">
        <test-method is-config="true" signature="setup()[pri:0, instance:com.vts.Testcases.Testcases@31190526]" started-at="2026-03-14T23:58:28 IST" name="setup" finished-at="2026-03-14T23:58:35 IST" duration-ms="6850" status="PASS">
          <reporter-output>
          </reporter-output>
        </test-method> <!-- setup -->
        <test-method signature="verifyusercanclickonorderplacedsuccessfully()[pri:0, instance:com.vts.Testcases.Testcases@31190526]" started-at="2026-03-14T23:58:35 IST" name="verifyusercanclickonorderplacedsuccessfully" finished-at="2026-03-14T23:58:45 IST" duration-ms="9669" status="PASS">
          <reporter-output>
          </reporter-output>
        </test-method> <!-- verifyusercanclickonorderplacedsuccessfully -->
      </class> <!-- com.vts.Testcases.Testcases -->
    </test> <!-- Default test -->
  </suite> <!-- Default suite -->
</testng-results>
